TN:
SF:/Users/kaiboma/Documents/CPEN422/openstreet/istanbul/js/index/directions/mapzen.js
FN:1,MapzenEngine
FN:40,(anonymous_2)
FN:46,(anonymous_3)
FN:55,(anonymous_4)
FN:64,(anonymous_5)
FN:71,(anonymous_6)
FN:97,(anonymous_7)
FNF:7
FNH:0
FNDA:0,MapzenEngine
FNDA:0,(anonymous_2)
FNDA:0,(anonymous_3)
FNDA:0,(anonymous_4)
FNDA:0,(anonymous_5)
FNDA:0,(anonymous_6)
FNDA:0,(anonymous_7)
DA:1,10
DA:2,0
DA:35,0
DA:41,0
DA:46,0
DA:56,0
DA:58,0
DA:59,0
DA:60,0
DA:61,0
DA:62,0
DA:64,0
DA:65,0
DA:69,0
DA:71,0
DA:72,0
DA:74,0
DA:83,0
DA:84,0
DA:87,0
DA:94,0
DA:98,0
DA:105,10
DA:106,0
DA:107,0
DA:108,0
LF:26
LH:2
BRDA:58,1,0,0
BRDA:58,1,1,0
BRDA:105,2,0,0
BRDA:105,2,1,10
BRF:4
BRH:1
end_of_record
TN:
SF:/Users/kaiboma/Documents/CPEN422/openstreet/istanbul/js/leaflet.map.js
FN:2,(anonymous_1)
FN:7,(anonymous_2)
FN:13,(anonymous_3)
FN:60,(anonymous_4)
FN:76,(anonymous_5)
FN:87,(anonymous_6)
FN:94,(anonymous_7)
FN:114,(anonymous_8)
FN:139,interlace
FN:174,(anonymous_10)
FN:192,(anonymous_11)
FN:217,(anonymous_12)
FN:227,(anonymous_13)
FN:247,(anonymous_14)
FN:253,(anonymous_15)
FN:261,(anonymous_16)
FN:266,(anonymous_17)
FN:291,(anonymous_18)
FN:297,(anonymous_19)
FNF:19
FNH:12
FNDA:70,(anonymous_1)
FNDA:0,(anonymous_2)
FNDA:10,(anonymous_3)
FNDA:10,(anonymous_4)
FNDA:1140,(anonymous_5)
FNDA:342,(anonymous_6)
FNDA:483,(anonymous_7)
FNDA:322,(anonymous_8)
FNDA:644,interlace
FNDA:322,(anonymous_10)
FNDA:0,(anonymous_11)
FNDA:0,(anonymous_12)
FNDA:0,(anonymous_13)
FNDA:0,(anonymous_14)
FNDA:10,(anonymous_15)
FNDA:2,(anonymous_16)
FNDA:2,(anonymous_17)
FNDA:0,(anonymous_18)
FNDA:0,(anonymous_19)
DA:1,10
DA:3,70
DA:8,0
DA:12,10
DA:14,10
DA:16,10
DA:17,10
DA:19,10
DA:21,10
DA:28,10
DA:29,0
DA:37,0
DA:46,10
DA:53,10
DA:54,10
DA:56,10
DA:57,10
DA:61,10
DA:62,10
DA:64,10
DA:65,20
DA:66,10
DA:67,10
DA:68,10
DA:69,0
DA:71,10
DA:77,1140
DA:78,1140
DA:79,4209
DA:80,4209
DA:81,1119
DA:84,1140
DA:88,342
DA:89,358
DA:90,358
DA:95,483
DA:98,483
DA:99,0
DA:100,0
DA:101,0
DA:104,483
DA:108,483
DA:109,483
DA:111,483
DA:115,322
DA:128,322
DA:129,1518
DA:130,1518
DA:132,322
DA:133,252
DA:134,252
DA:136,322
DA:139,10
DA:140,644
DA:141,644
DA:142,644
DA:143,644
DA:144,644
DA:145,644
DA:146,644
DA:147,644
DA:148,644
DA:151,322
DA:152,322
DA:154,322
DA:155,10
DA:158,322
DA:159,0
DA:162,322
DA:163,0
DA:166,322
DA:167,322
DA:168,10
DA:171,322
DA:175,322
DA:179,322
DA:180,0
DA:182,322
DA:185,322
DA:186,322
DA:187,322
DA:189,322
DA:193,0
DA:200,0
DA:208,0
DA:210,0
DA:211,0
DA:213,0
DA:214,0
DA:218,0
DA:227,0
DA:228,0
DA:229,0
DA:230,0
DA:231,0
DA:232,0
DA:233,0
DA:235,0
DA:239,0
DA:240,0
DA:242,0
DA:248,0
DA:249,0
DA:250,0
DA:254,10
DA:262,2
DA:263,2
DA:267,2
DA:268,0
DA:269,0
DA:271,2
DA:272,1
DA:273,1
DA:274,1
DA:276,2
DA:280,10
DA:282,10
DA:288,10
DA:292,0
DA:293,0
DA:297,10
DA:298,0
LF:122
LH:85
BRDA:28,1,0,0
BRDA:28,1,1,10
BRDA:61,2,0,10
BRDA:61,2,1,10
BRDA:65,3,0,10
BRDA:65,3,1,10
BRDA:68,4,0,0
BRDA:68,4,1,10
BRDA:68,5,0,10
BRDA:68,5,1,0
BRDA:80,6,0,1119
BRDA:80,6,1,3090
BRDA:80,7,0,4209
BRDA:80,7,1,4209
BRDA:90,8,0,334
BRDA:90,8,1,24
BRDA:90,9,0,358
BRDA:90,9,1,358
BRDA:98,10,0,0
BRDA:98,10,1,483
BRDA:98,11,0,483
BRDA:98,11,1,483
BRDA:108,12,0,0
BRDA:108,12,1,483
BRDA:109,13,0,483
BRDA:109,13,1,0
BRDA:116,14,0,0
BRDA:116,14,1,322
BRDA:116,15,0,322
BRDA:116,15,1,322
BRDA:117,16,0,0
BRDA:117,16,1,322
BRDA:128,17,0,1840
BRDA:128,17,1,1602
BRDA:154,18,0,10
BRDA:154,18,1,312
BRDA:158,19,0,0
BRDA:158,19,1,322
BRDA:158,20,0,322
BRDA:158,20,1,322
BRDA:162,21,0,0
BRDA:162,21,1,322
BRDA:167,22,0,10
BRDA:167,22,1,312
BRDA:179,23,0,0
BRDA:179,23,1,322
BRDA:179,24,0,322
BRDA:179,24,1,322
BRDA:210,25,0,0
BRDA:210,25,1,0
BRDA:211,26,0,0
BRDA:211,26,1,0
BRDA:228,27,0,0
BRDA:228,27,1,0
BRDA:230,28,0,0
BRDA:230,28,1,0
BRDA:232,29,0,0
BRDA:232,29,1,0
BRDA:242,30,0,0
BRDA:242,30,1,0
BRDA:249,31,0,0
BRDA:249,31,1,0
BRDA:250,32,0,0
BRDA:250,32,1,0
BRDA:262,33,0,2
BRDA:262,33,1,0
BRDA:263,34,0,0
BRDA:263,34,1,2
BRDA:267,35,0,0
BRDA:267,35,1,2
BRDA:267,36,0,2
BRDA:267,36,1,1
BRDA:271,37,0,1
BRDA:271,37,1,1
BRDA:271,38,0,2
BRDA:271,38,1,1
BRDA:299,39,0,0
BRDA:299,39,1,0
BRF:78
BRH:46
end_of_record
TN:
SF:/Users/kaiboma/Documents/CPEN422/openstreet/istanbul/js/leaflet.zoom.js
FN:6,(anonymous_1)
FN:22,(anonymous_2)
FN:26,(anonymous_3)
FN:30,(anonymous_4)
FN:34,(anonymous_5)
FN:54,(anonymous_6)
FN:70,(anonymous_7)
FNF:7
FNH:6
FNDA:10,(anonymous_1)
FNDA:0,(anonymous_2)
FNDA:35,(anonymous_3)
FNDA:25,(anonymous_4)
FNDA:20,(anonymous_5)
FNDA:44,(anonymous_6)
FNDA:10,(anonymous_7)
DA:1,10
DA:7,10
DA:10,10
DA:12,10
DA:14,10
DA:17,10
DA:19,10
DA:23,0
DA:27,35
DA:31,25
DA:35,20
DA:36,20
DA:37,20
DA:38,20
DA:40,20
DA:42,20
DA:44,20
DA:51,20
DA:55,44
DA:58,44
DA:59,44
DA:61,44
DA:62,1
DA:64,44
DA:65,1
DA:70,10
DA:71,10
LF:27
LH:26
BRDA:27,1,0,0
BRDA:27,1,1,35
BRDA:31,2,0,0
BRDA:31,2,1,25
BRDA:61,3,0,1
BRDA:61,3,1,43
BRDA:64,4,0,1
BRDA:64,4,1,43
BRF:8
BRH:6
end_of_record
TN:
SF:/Users/kaiboma/Documents/CPEN422/openstreet/istanbul/js/index/notes.js
FN:1,(anonymous_1)
FN:23,(anonymous_2)
FN:28,(anonymous_3)
FN:36,(anonymous_4)
FN:42,updateMarker
FN:58,(anonymous_6)
FN:64,loadNotes
FN:79,success
FN:84,updateMarkers
FNF:9
FNH:3
FNDA:10,(anonymous_1)
FNDA:45,(anonymous_2)
FNDA:5,(anonymous_3)
FNDA:0,(anonymous_4)
FNDA:0,updateMarker
FNDA:0,(anonymous_6)
FNDA:0,loadNotes
FNDA:0,success
FNDA:0,updateMarkers
DA:1,10
DA:2,10
DA:5,10
DA:23,10
DA:24,45
DA:25,0
DA:26,0
DA:29,5
DA:30,0
DA:31,0
DA:32,0
DA:36,10
DA:37,0
DA:38,0
DA:42,10
DA:43,0
DA:44,0
DA:46,0
DA:52,0
DA:53,0
DA:55,0
DA:58,10
DA:59,0
DA:62,10
DA:64,10
DA:65,0
DA:66,0
DA:68,0
DA:69,0
DA:71,0
DA:73,0
DA:79,10
DA:80,0
DA:81,0
DA:82,0
DA:84,10
DA:85,0
DA:86,0
DA:87,0
DA:90,0
DA:91,0
DA:94,0
LF:42
LH:13
BRDA:24,1,0,0
BRDA:24,1,1,45
BRDA:29,2,0,0
BRDA:29,2,1,5
BRDA:37,3,0,0
BRDA:37,3,1,0
BRDA:43,4,0,0
BRDA:43,4,1,0
BRDA:68,5,0,0
BRDA:68,5,1,0
BRDA:71,6,0,0
BRDA:71,6,1,0
BRF:12
BRH:2
end_of_record
TN:
SF:/Users/kaiboma/Documents/CPEN422/openstreet/istanbul/js/leaflet.query.js
FN:1,(anonymous_1)
FN:4,(anonymous_2)
FN:18,update
FNF:3
FNH:3
FNDA:10,(anonymous_1)
FNDA:10,(anonymous_2)
FNDA:45,update
DA:1,10
DA:2,10
DA:4,10
DA:5,10
DA:8,10
DA:14,10
DA:16,10
DA:18,10
DA:19,45
DA:21,45
DA:27,45
DA:28,10
DA:29,35
DA:30,1
DA:34,10
DA:37,10
LF:16
LH:16
BRDA:23,1,0,29
BRDA:23,1,1,16
BRDA:27,2,0,10
BRDA:27,2,1,35
BRDA:27,3,0,45
BRDA:27,3,1,29
BRDA:29,4,0,1
BRDA:29,4,1,34
BRDA:29,5,0,35
BRDA:29,5,1,20
BRF:10
BRH:10
end_of_record
TN:
SF:/Users/kaiboma/Documents/CPEN422/openstreet/istanbul/js/leaflet.key.js
FN:1,(anonymous_1)
FN:4,(anonymous_2)
FN:44,shown
FN:49,hidden
FN:53,toggle
FN:62,updateButton
FN:72,update
FN:76,(anonymous_8)
FNF:8
FNH:3
FNDA:10,(anonymous_1)
FNDA:10,(anonymous_2)
FNDA:0,shown
FNDA:0,hidden
FNDA:0,toggle
FNDA:20,updateButton
FNDA:0,update
FNDA:0,(anonymous_8)
DA:1,10
DA:2,10
DA:4,10
DA:5,10
DA:8,10
DA:15,10
DA:18,10
DA:30,10
DA:34,10
DA:36,10
DA:40,10
DA:42,10
DA:44,10
DA:45,0
DA:46,0
DA:49,10
DA:50,0
DA:53,10
DA:54,0
DA:55,0
DA:56,0
DA:57,0
DA:59,0
DA:62,10
DA:63,20
DA:64,20
DA:72,10
DA:73,0
DA:76,0
DA:77,0
DA:78,0
DA:79,0
DA:81,0
DA:86,10
DA:89,10
LF:35
LH:21
BRDA:56,1,0,0
BRDA:56,1,1,0
BRDA:67,2,0,8
BRDA:67,2,1,12
BRDA:78,3,0,0
BRDA:78,3,1,0
BRDA:78,4,0,0
BRDA:78,4,1,0
BRDA:78,4,2,0
BRF:9
BRH:2
end_of_record
TN:
SF:/Users/kaiboma/Documents/CPEN422/openstreet/istanbul/js/leaflet.share.js
FN:1,(anonymous_1)
FN:9,(anonymous_2)
FN:79,(anonymous_3)
FN:202,(anonymous_4)
FN:239,hidden
FN:246,toggle
FN:258,toggleMarker
FN:270,toggleFilter
FN:280,movedMap
FN:285,movedMarker
FN:293,updateOnce
FN:299,escapeHTML
FN:307,(anonymous_13)
FN:312,update
FN:384,select
FN:388,getScale
FN:398,roundScale
FNF:17
FNH:8
FNDA:10,(anonymous_1)
FNDA:10,(anonymous_2)
FNDA:0,(anonymous_3)
FNDA:40,(anonymous_4)
FNDA:0,hidden
FNDA:0,toggle
FNDA:0,toggleMarker
FNDA:0,toggleFilter
FNDA:40,movedMap
FNDA:0,movedMarker
FNDA:0,updateOnce
FNDA:483,escapeHTML
FNDA:166,(anonymous_13)
FNDA:161,update
FNDA:0,select
FNDA:0,getScale
FNDA:18,roundScale
DA:1,10
DA:2,10
DA:9,10
DA:10,10
DA:13,10
DA:21,10
DA:24,10
DA:38,10
DA:42,10
DA:46,10
DA:50,10
DA:63,10
DA:80,0
DA:81,0
DA:82,0
DA:84,0
DA:85,0
DA:87,0
DA:93,10
DA:102,10
DA:110,10
DA:125,10
DA:129,10
DA:133,10
DA:140,10
DA:144,10
DA:148,10
DA:154,10
DA:161,10
DA:174,10
DA:189,10
DA:202,10
DA:203,40
DA:210,10
DA:216,10
DA:221,10
DA:226,10
DA:230,10
DA:231,10
DA:232,10
DA:234,10
DA:236,10
DA:239,10
DA:240,0
DA:241,0
DA:242,0
DA:243,0
DA:246,10
DA:247,0
DA:248,0
DA:250,0
DA:251,0
DA:253,0
DA:254,0
DA:255,0
DA:258,10
DA:259,0
DA:260,0
DA:261,0
DA:262,0
DA:264,0
DA:265,0
DA:267,0
DA:270,10
DA:271,0
DA:272,0
DA:273,0
DA:275,0
DA:277,0
DA:280,10
DA:281,40
DA:282,40
DA:285,10
DA:286,0
DA:287,0
DA:288,0
DA:289,0
DA:293,10
DA:294,0
DA:295,0
DA:296,0
DA:299,10
DA:300,483
DA:307,483
DA:308,166
DA:312,10
DA:313,161
DA:315,161
DA:318,161
DA:323,161
DA:324,161
DA:325,161
DA:326,161
DA:328,161
DA:333,161
DA:334,0
DA:335,0
DA:338,161
DA:347,161
DA:353,161
DA:354,0
DA:357,161
DA:362,161
DA:363,161
DA:364,161
DA:365,161
DA:367,161
DA:368,18
DA:369,18
DA:372,161
DA:373,161
DA:375,161
DA:376,152
DA:377,152
DA:379,9
DA:380,9
DA:384,10
DA:385,0
DA:388,10
DA:389,0
DA:395,0
DA:398,10
DA:399,18
DA:400,18
DA:403,10
DA:406,10
LF:126
LH:84
BRDA:259,1,0,0
BRDA:259,1,1,0
BRDA:271,2,0,0
BRDA:271,2,1,0
BRDA:286,3,0,0
BRDA:286,3,1,0
BRDA:307,4,0,0
BRDA:307,4,1,483
BRDA:333,5,0,0
BRDA:333,5,1,161
BRDA:353,6,0,0
BRDA:353,6,1,161
BRDA:367,7,0,18
BRDA:367,7,1,143
BRDA:375,8,0,152
BRDA:375,8,1,9
BRF:16
BRH:7
end_of_record
TN:
SF:/Users/kaiboma/Documents/CPEN422/openstreet/istanbul/js/index/note.js
FN:1,(anonymous_1)
FN:24,updateNote
FN:32,(anonymous_3)
FN:38,(anonymous_4)
FN:39,(anonymous_5)
FN:40,(anonymous_6)
FN:48,(anonymous_7)
FN:52,initialize
FN:53,(anonymous_9)
FN:59,(anonymous_10)
FN:98,moveToNote
FN:103,(anonymous_12)
FN:109,(anonymous_13)
FNF:13
FNH:1
FNDA:10,(anonymous_1)
FNDA:0,updateNote
FNDA:0,(anonymous_3)
FNDA:0,(anonymous_4)
FNDA:0,(anonymous_5)
FNDA:0,(anonymous_6)
FNDA:0,(anonymous_7)
FNDA:0,initialize
FNDA:0,(anonymous_9)
FNDA:0,(anonymous_10)
FNDA:0,moveToNote
FNDA:0,(anonymous_12)
FNDA:0,(anonymous_13)
DA:1,10
DA:2,10
DA:6,10
DA:24,10
DA:25,0
DA:27,0
DA:33,0
DA:38,10
DA:39,0
DA:40,0
DA:41,0
DA:43,0
DA:48,10
DA:49,0
DA:52,10
DA:53,0
DA:54,0
DA:55,0
DA:56,0
DA:59,0
DA:60,0
DA:62,0
DA:63,0
DA:64,0
DA:66,0
DA:67,0
DA:71,0
DA:73,0
DA:76,0
DA:77,0
DA:83,0
DA:86,0
DA:87,0
DA:93,0
DA:95,0
DA:98,10
DA:99,0
DA:102,0
DA:103,0
DA:104,0
DA:109,10
DA:110,0
DA:111,0
DA:114,10
LF:44
LH:10
BRDA:43,1,0,0
BRDA:43,1,1,0
BRDA:62,2,0,0
BRDA:62,2,1,0
BRDA:76,3,0,0
BRDA:76,3,1,0
BRDA:86,4,0,0
BRDA:86,4,1,0
BRDA:95,5,0,0
BRDA:95,5,1,0
BRDA:102,6,0,0
BRDA:102,6,1,0
BRDA:102,7,0,0
BRDA:102,7,1,0
BRDA:110,8,0,0
BRDA:110,8,1,0
BRDA:111,9,0,0
BRDA:111,9,1,0
BRF:18
BRH:0
end_of_record
TN:
SF:/Users/kaiboma/Documents/CPEN422/openstreet/istanbul/js/piwik.js
FN:2,(anonymous_1)
FN:10,(anonymous_2)
FN:20,(anonymous_3)
FN:26,(anonymous_4)
FN:27,(anonymous_5)
FNF:5
FNH:0
FNDA:0,(anonymous_1)
FNDA:0,(anonymous_2)
FNDA:0,(anonymous_3)
FNDA:0,(anonymous_4)
FNDA:0,(anonymous_5)
DA:1,10
DA:2,0
DA:3,0
DA:4,0
DA:6,0
DA:11,0
DA:13,0
DA:14,0
DA:17,0
DA:18,0
DA:20,0
DA:21,0
DA:26,0
DA:27,0
DA:28,0
LF:15
LH:1
BRDA:1,1,0,0
BRDA:1,1,1,10
BRDA:13,2,0,0
BRDA:13,2,1,0
BRF:4
BRH:1
end_of_record
TN:
SF:/Users/kaiboma/Documents/CPEN422/openstreet/istanbul/js/index/changeset.js
FN:1,(anonymous_1)
FN:6,(anonymous_2)
FN:7,(anonymous_3)
FN:12,(anonymous_4)
FN:19,addChangeset
FN:20,(anonymous_6)
FN:23,(anonymous_7)
FN:30,updateChangeset
FN:46,(anonymous_9)
FN:52,initialize
FN:53,(anonymous_11)
FN:59,(anonymous_12)
FN:65,(anonymous_13)
FN:78,(anonymous_14)
FNF:14
FNH:1
FNDA:10,(anonymous_1)
FNDA:0,(anonymous_2)
FNDA:0,(anonymous_3)
FNDA:0,(anonymous_4)
FNDA:0,addChangeset
FNDA:0,(anonymous_6)
FNDA:0,(anonymous_7)
FNDA:0,updateChangeset
FNDA:0,(anonymous_9)
FNDA:0,initialize
FNDA:0,(anonymous_11)
FNDA:0,(anonymous_12)
FNDA:0,(anonymous_13)
FNDA:0,(anonymous_14)
DA:1,10
DA:2,10
DA:6,10
DA:7,0
DA:8,0
DA:12,10
DA:13,0
DA:14,0
DA:15,0
DA:16,0
DA:19,10
DA:20,0
DA:21,0
DA:23,0
DA:24,0
DA:30,10
DA:31,0
DA:33,0
DA:35,0
DA:36,0
DA:38,0
DA:41,0
DA:47,0
DA:52,10
DA:53,0
DA:54,0
DA:55,0
DA:56,0
DA:59,0
DA:60,0
DA:61,0
DA:62,0
DA:65,0
DA:66,0
DA:68,0
DA:69,0
DA:71,0
DA:75,0
DA:78,10
DA:79,0
DA:82,10
LF:41
LH:9
BRDA:13,1,0,0
BRDA:13,1,1,0
BRDA:21,2,0,0
BRDA:21,2,1,0
BRDA:21,3,0,0
BRDA:21,3,1,0
BRDA:21,3,2,0
BRDA:21,3,3,0
BRDA:35,4,0,0
BRDA:35,4,1,0
BRDA:68,5,0,0
BRDA:68,5,1,0
BRF:12
BRH:0
end_of_record
TN:
SF:/Users/kaiboma/Documents/CPEN422/openstreet/istanbul/js/leaflet.note.js
FN:1,(anonymous_1)
FN:4,(anonymous_2)
FN:16,update
FNF:3
FNH:3
FNDA:10,(anonymous_1)
FNDA:10,(anonymous_2)
FNDA:45,update
DA:1,10
DA:2,10
DA:4,10
DA:5,10
DA:8,10
DA:14,10
DA:16,10
DA:17,45
DA:18,45
DA:25,10
DA:27,10
DA:30,10
LF:12
LH:12
BRDA:17,1,0,45
BRDA:17,1,1,45
BRDA:20,2,0,27
BRDA:20,2,1,18
BRF:4
BRH:4
end_of_record
TN:
SF:/Users/kaiboma/Documents/CPEN422/openstreet/istanbul/js/index/directions/graphhopper.js
FN:1,GraphHopperEngine
FN:20,(anonymous_2)
FN:32,(anonymous_3)
FN:36,(anonymous_4)
FN:68,(anonymous_5)
FNF:5
FNH:1
FNDA:20,GraphHopperEngine
FNDA:0,(anonymous_2)
FNDA:0,(anonymous_3)
FNDA:0,(anonymous_4)
FNDA:0,(anonymous_5)
DA:1,10
DA:2,20
DA:15,20
DA:23,0
DA:32,0
DA:37,0
DA:38,0
DA:40,0
DA:41,0
DA:43,0
DA:44,0
DA:45,0
DA:46,0
DA:47,0
DA:48,0
DA:49,0
DA:50,0
DA:51,0
DA:52,0
DA:61,0
DA:69,0
DA:76,10
DA:77,10
LF:23
LH:5
BRDA:37,1,0,0
BRDA:37,1,1,0
BRDA:37,2,0,0
BRDA:37,2,1,0
BRDA:47,3,0,0
BRDA:47,3,1,0
BRF:6
BRH:0
end_of_record
TN:
SF:/Users/kaiboma/Documents/CPEN422/openstreet/istanbul/js/index/export.js
FN:1,(anonymous_1)
FN:9,getBounds
FN:15,boundsChanged
FN:23,enableFilter
FN:33,update
FN:38,setBounds
FN:51,validateControls
FN:56,checkSubmit
FN:60,(anonymous_9)
FN:65,(anonymous_10)
FN:78,(anonymous_11)
FNF:11
FNH:1
FNDA:10,(anonymous_1)
FNDA:0,getBounds
FNDA:0,boundsChanged
FNDA:0,enableFilter
FNDA:0,update
FNDA:0,setBounds
FNDA:0,validateControls
FNDA:0,checkSubmit
FNDA:0,(anonymous_9)
FNDA:0,(anonymous_10)
FNDA:0,(anonymous_11)
DA:1,10
DA:2,10
DA:4,10
DA:9,10
DA:10,0
DA:15,10
DA:16,0
DA:17,0
DA:18,0
DA:19,0
DA:20,0
DA:23,10
DA:24,0
DA:26,0
DA:28,0
DA:29,0
DA:30,0
DA:33,10
DA:34,0
DA:35,0
DA:38,10
DA:39,0
DA:40,0
DA:41,0
DA:42,0
DA:43,0
DA:45,0
DA:51,10
DA:52,0
DA:53,0
DA:56,10
DA:57,0
DA:60,10
DA:61,0
DA:62,0
DA:65,10
DA:66,0
DA:70,0
DA:71,0
DA:72,0
DA:74,0
DA:75,0
DA:78,10
DA:79,0
DA:83,0
DA:86,10
LF:46
LH:14
BRDA:34,1,0,0
BRDA:34,1,1,0
BRDA:57,2,0,0
BRDA:57,2,1,0
BRF:4
BRH:0
end_of_record
TN:
SF:/Users/kaiboma/Documents/CPEN422/openstreet/istanbul/js/index/search.js
FN:3,(anonymous_1)
FN:4,(anonymous_2)
FN:12,(anonymous_3)
FN:22,(anonymous_4)
FN:33,(anonymous_5)
FN:47,(anonymous_6)
FN:49,(anonymous_7)
FN:53,(anonymous_8)
FN:58,clickSearchMore
FN:67,(anonymous_10)
FN:72,showSearchResult
FN:88,hideSearchResult
FN:98,panToSearchResult
FN:106,clickSearchResult
FN:122,(anonymous_15)
FN:129,(anonymous_16)
FN:130,(anonymous_17)
FN:142,(anonymous_18)
FN:158,(anonymous_19)
FNF:19
FNH:5
FNDA:10,(anonymous_1)
FNDA:9,(anonymous_2)
FNDA:1,(anonymous_3)
FNDA:1,(anonymous_4)
FNDA:0,(anonymous_5)
FNDA:0,(anonymous_6)
FNDA:0,(anonymous_7)
FNDA:0,(anonymous_8)
FNDA:0,clickSearchMore
FNDA:0,(anonymous_10)
FNDA:0,showSearchResult
FNDA:0,hideSearchResult
FNDA:0,panToSearchResult
FNDA:0,clickSearchResult
FNDA:1,(anonymous_15)
FNDA:0,(anonymous_16)
FNDA:0,(anonymous_17)
FNDA:0,(anonymous_18)
FNDA:0,(anonymous_19)
DA:3,10
DA:4,10
DA:5,9
DA:6,0
DA:8,9
DA:12,10
DA:13,1
DA:14,1
DA:15,1
DA:16,0
DA:18,1
DA:22,10
DA:23,1
DA:24,1
DA:25,1
DA:26,1
DA:27,1
DA:29,0
DA:33,10
DA:34,0
DA:35,0
DA:37,0
DA:42,10
DA:48,0
DA:49,0
DA:50,0
DA:51,0
DA:54,0
DA:58,10
DA:59,0
DA:60,0
DA:62,0
DA:64,0
DA:65,0
DA:67,0
DA:68,0
DA:72,10
DA:73,0
DA:75,0
DA:76,0
DA:78,0
DA:80,0
DA:83,0
DA:85,0
DA:88,10
DA:89,0
DA:91,0
DA:92,0
DA:95,0
DA:98,10
DA:99,0
DA:100,0
DA:102,0
DA:106,10
DA:107,0
DA:109,0
DA:112,0
DA:114,0
DA:115,0
DA:118,10
DA:120,10
DA:122,10
DA:123,1
DA:124,1
DA:125,1
DA:126,1
DA:129,10
DA:130,0
DA:131,0
DA:132,0
DA:143,0
DA:145,0
DA:146,0
DA:147,0
DA:148,0
DA:155,0
DA:158,10
DA:159,0
DA:160,0
DA:161,0
DA:164,10
LF:81
LH:32
BRDA:5,1,0,0
BRDA:5,1,1,9
BRDA:15,2,0,0
BRDA:15,2,1,1
BRDA:26,3,0,1
BRDA:26,3,1,0
BRDA:50,4,0,0
BRDA:50,4,1,0
BRDA:50,5,0,0
BRDA:50,5,1,0
BRDA:75,6,0,0
BRDA:75,6,1,0
BRDA:91,7,0,0
BRDA:91,7,1,0
BRDA:99,8,0,0
BRDA:99,8,1,0
BRDA:99,9,0,0
BRDA:99,9,1,0
BRDA:99,9,2,0
BRDA:99,9,3,0
BRDA:112,10,0,0
BRDA:112,10,1,0
BRDA:112,11,0,0
BRDA:112,11,1,0
BRDA:145,12,0,0
BRDA:145,12,1,0
BRDA:147,13,0,0
BRDA:147,13,1,0
BRF:28
BRH:3
end_of_record
TN:
SF:/Users/kaiboma/Documents/CPEN422/openstreet/istanbul/js/leaflet.sidebar.js
FN:1,(anonymous_1)
FN:8,(anonymous_2)
FN:13,(anonymous_3)
FN:19,(anonymous_4)
FNF:4
FNH:4
FNDA:10,(anonymous_1)
FNDA:10,(anonymous_2)
FNDA:30,(anonymous_3)
FNDA:3,(anonymous_4)
DA:1,10
DA:2,10
DA:8,10
DA:9,10
DA:10,10
DA:13,10
DA:14,30
DA:19,10
DA:20,3
DA:24,3
DA:27,3
DA:28,0
DA:29,0
DA:31,3
DA:32,3
DA:33,3
DA:36,3
DA:38,3
DA:42,3
DA:46,10
LF:20
LH:18
BRDA:27,1,0,0
BRDA:27,1,1,3
BRDA:33,2,0,3
BRDA:33,2,1,0
BRF:4
BRH:2
end_of_record
TN:
SF:/Users/kaiboma/Documents/CPEN422/openstreet/istanbul/js/index/query.js
FN:3,(anonymous_1)
FN:18,(anonymous_2)
FN:27,(anonymous_3)
FN:33,(anonymous_4)
FN:42,(anonymous_5)
FN:47,(anonymous_6)
FN:52,(anonymous_7)
FN:54,(anonymous_8)
FN:63,(anonymous_9)
FN:68,interestingFeature
FN:80,featurePrefix
FN:121,featureName
FN:144,featureGeometry
FN:150,(anonymous_14)
FN:152,(anonymous_15)
FN:156,(anonymous_16)
FN:164,runQuery
FN:170,(anonymous_18)
FN:184,(anonymous_19)
FN:190,(anonymous_20)
FN:199,(anonymous_21)
FN:241,(anonymous_22)
FN:251,compareSize
FN:282,queryOverpass
FN:300,(anonymous_25)
FN:315,clickHandler
FN:324,enableQueryMode
FN:330,disableQueryMode
FN:339,(anonymous_29)
FN:340,(anonymous_30)
FN:345,(anonymous_31)
FN:350,(anonymous_32)
FN:358,(anonymous_33)
FNF:33
FNH:2
FNDA:10,(anonymous_1)
FNDA:0,(anonymous_2)
FNDA:0,(anonymous_3)
FNDA:1,(anonymous_4)
FNDA:0,(anonymous_5)
FNDA:0,(anonymous_6)
FNDA:0,(anonymous_7)
FNDA:0,(anonymous_8)
FNDA:0,(anonymous_9)
FNDA:0,interestingFeature
FNDA:0,featurePrefix
FNDA:0,featureName
FNDA:0,featureGeometry
FNDA:0,(anonymous_14)
FNDA:0,(anonymous_15)
FNDA:0,(anonymous_16)
FNDA:0,runQuery
FNDA:0,(anonymous_18)
FNDA:0,(anonymous_19)
FNDA:0,(anonymous_20)
FNDA:0,(anonymous_21)
FNDA:0,(anonymous_22)
FNDA:0,compareSize
FNDA:0,queryOverpass
FNDA:0,(anonymous_25)
FNDA:0,clickHandler
FNDA:0,enableQueryMode
FNDA:0,disableQueryMode
FNDA:0,(anonymous_29)
FNDA:0,(anonymous_30)
FNDA:0,(anonymous_31)
FNDA:0,(anonymous_32)
FNDA:0,(anonymous_33)
DA:3,10
DA:4,10
DA:10,10
DA:18,10
DA:19,0
DA:20,0
DA:22,0
DA:23,0
DA:24,0
DA:25,0
DA:28,0
DA:29,0
DA:30,0
DA:31,0
DA:34,1
DA:35,0
DA:36,0
DA:37,0
DA:41,10
DA:43,0
DA:44,0
DA:45,0
DA:48,0
DA:49,0
DA:50,0
DA:53,0
DA:54,0
DA:55,0
DA:56,0
DA:57,0
DA:59,0
DA:60,0
DA:64,0
DA:68,10
DA:69,0
DA:70,0
DA:71,0
DA:72,0
DA:77,0
DA:80,10
DA:81,0
DA:82,0
DA:84,0
DA:85,0
DA:89,0
DA:90,0
DA:92,0
DA:93,0
DA:95,0
DA:96,0
DA:97,0
DA:102,0
DA:103,0
DA:105,0
DA:106,0
DA:109,0
DA:114,0
DA:115,0
DA:118,0
DA:121,10
DA:122,0
DA:125,0
DA:126,0
DA:127,0
DA:131,0
DA:132,0
DA:133,0
DA:134,0
DA:135,0
DA:136,0
DA:137,0
DA:138,0
DA:140,0
DA:144,10
DA:145,0
DA:147,0
DA:148,0
DA:149,0
DA:150,0
DA:151,0
DA:153,0
DA:155,0
DA:156,0
DA:157,0
DA:161,0
DA:164,10
DA:165,0
DA:167,0
DA:168,0
DA:170,0
DA:171,0
DA:174,0
DA:175,0
DA:178,0
DA:185,0
DA:187,0
DA:189,0
DA:190,0
DA:191,0
DA:192,0
DA:193,0
DA:195,0
DA:196,0
DA:199,0
DA:200,0
DA:203,0
DA:206,0
DA:207,0
DA:210,0
DA:211,0
DA:213,0
DA:214,0
DA:218,0
DA:222,0
DA:229,0
DA:230,0
DA:235,0
DA:236,0
DA:242,0
DA:244,0
DA:251,10
DA:252,0
DA:259,0
DA:282,10
DA:283,0
DA:294,0
DA:297,0
DA:298,0
DA:300,0
DA:301,0
DA:302,0
DA:304,0
DA:311,0
DA:312,0
DA:315,10
DA:316,0
DA:321,0
DA:324,10
DA:325,0
DA:326,0
DA:327,0
DA:330,10
DA:331,0
DA:332,0
DA:333,0
DA:334,0
DA:337,10
DA:339,10
DA:340,0
DA:341,0
DA:345,10
DA:346,0
DA:349,0
DA:350,0
DA:351,0
DA:355,0
DA:358,10
DA:359,0
DA:360,0
DA:364,10
LF:160
LH:21
BRDA:4,1,0,0
BRDA:4,1,1,10
BRDA:22,2,0,0
BRDA:22,2,1,0
BRDA:24,3,0,0
BRDA:24,3,1,0
BRDA:28,4,0,0
BRDA:28,4,1,0
BRDA:34,5,0,0
BRDA:34,5,1,1
BRDA:44,6,0,0
BRDA:44,6,1,0
BRDA:49,7,0,0
BRDA:49,7,1,0
BRDA:55,8,0,0
BRDA:55,8,1,0
BRDA:57,9,0,0
BRDA:57,9,1,0
BRDA:59,10,0,0
BRDA:59,10,1,0
BRDA:69,11,0,0
BRDA:69,11,1,0
BRDA:71,12,0,0
BRDA:71,12,1,0
BRDA:84,13,0,0
BRDA:84,13,1,0
BRDA:84,14,0,0
BRDA:84,14,1,0
BRDA:95,15,0,0
BRDA:95,15,1,0
BRDA:96,16,0,0
BRDA:96,16,1,0
BRDA:105,17,0,0
BRDA:105,17,1,0
BRDA:114,18,0,0
BRDA:114,18,1,0
BRDA:126,19,0,0
BRDA:126,19,1,0
BRDA:131,20,0,0
BRDA:131,20,1,0
BRDA:133,21,0,0
BRDA:133,21,1,0
BRDA:135,22,0,0
BRDA:135,22,1,0
BRDA:137,23,0,0
BRDA:137,23,1,0
BRDA:137,24,0,0
BRDA:137,24,1,0
BRDA:147,25,0,0
BRDA:147,25,1,0
BRDA:147,26,0,0
BRDA:147,26,1,0
BRDA:147,26,2,0
BRDA:149,27,0,0
BRDA:149,27,1,0
BRDA:149,28,0,0
BRDA:149,28,1,0
BRDA:155,29,0,0
BRDA:155,29,1,0
BRDA:155,30,0,0
BRDA:155,30,1,0
BRDA:174,31,0,0
BRDA:174,31,1,0
BRDA:189,32,0,0
BRDA:189,32,1,0
BRDA:192,33,0,0
BRDA:192,33,1,0
BRDA:206,34,0,0
BRDA:206,34,1,0
BRDA:213,35,0,0
BRDA:213,35,1,0
BRDA:229,36,0,0
BRDA:229,36,1,0
BRDA:235,37,0,0
BRDA:235,37,1,0
BRDA:297,38,0,0
BRDA:297,38,1,0
BRDA:301,39,0,0
BRDA:301,39,1,0
BRDA:331,40,0,0
BRDA:331,40,1,0
BRDA:349,41,0,0
BRDA:349,41,1,0
BRDA:349,42,0,0
BRDA:349,42,1,0
BRDA:349,42,2,0
BRDA:359,43,0,0
BRDA:359,43,1,0
BRF:88
BRH:2
end_of_record
TN:
SF:/Users/kaiboma/Documents/CPEN422/openstreet/istanbul/js/richtext.js
FN:1,(anonymous_1)
FN:10,(anonymous_2)
FN:24,(anonymous_3)
FN:41,(anonymous_4)
FN:48,(anonymous_5)
FN:52,(anonymous_6)
FNF:6
FNH:1
FNDA:10,(anonymous_1)
FNDA:0,(anonymous_2)
FNDA:0,(anonymous_3)
FNDA:0,(anonymous_4)
FNDA:0,(anonymous_5)
FNDA:0,(anonymous_6)
DA:1,10
DA:3,10
DA:10,10
DA:11,0
DA:15,10
DA:18,10
DA:24,10
DA:25,0
DA:26,0
DA:28,0
DA:29,0
DA:31,0
DA:32,0
DA:34,0
DA:41,10
DA:42,0
DA:43,0
DA:44,0
DA:45,0
DA:47,0
DA:48,0
DA:49,0
DA:52,0
DA:53,0
DA:54,0
DA:58,0
DA:59,0
DA:60,0
DA:61,0
DA:63,0
DA:64,0
DA:66,0
LF:32
LH:7
BRDA:47,1,0,0
BRDA:47,1,1,0
BRF:2
BRH:0
end_of_record
TN:
SF:/Users/kaiboma/Documents/CPEN422/openstreet/istanbul/js/index/directions/osrm.js
FN:4,OSRMEngine
FN:12,(anonymous_2)
FN:65,(anonymous_3)
FN:95,(anonymous_4)
FN:112,(anonymous_5)
FN:128,(anonymous_6)
FN:134,(anonymous_7)
FN:138,(anonymous_8)
FN:143,(anonymous_9)
FN:162,(anonymous_10)
FNF:10
FNH:1
FNDA:10,OSRMEngine
FNDA:0,(anonymous_2)
FNDA:0,(anonymous_3)
FNDA:0,(anonymous_4)
FNDA:0,(anonymous_5)
FNDA:0,(anonymous_6)
FNDA:0,(anonymous_7)
FNDA:0,(anonymous_8)
FNDA:0,(anonymous_9)
FNDA:0,(anonymous_10)
DA:4,10
DA:5,10
DA:7,10
DA:13,0
DA:39,0
DA:65,0
DA:66,0
DA:69,0
DA:75,0
DA:76,0
DA:81,0
DA:82,0
DA:85,0
DA:86,0
DA:89,0
DA:90,0
DA:92,0
DA:95,0
DA:97,0
DA:99,0
DA:100,0
DA:101,0
DA:102,0
DA:104,0
DA:106,0
DA:109,0
DA:114,0
DA:121,0
DA:122,0
DA:125,0
DA:128,0
DA:129,0
DA:132,0
DA:134,0
DA:135,0
DA:136,0
DA:138,0
DA:139,0
DA:142,0
DA:143,0
DA:144,0
DA:147,0
DA:149,0
DA:157,0
DA:163,0
DA:170,10
LF:46
LH:4
BRDA:69,1,0,0
BRDA:69,1,1,0
BRDA:69,1,2,0
BRDA:69,1,3,0
BRDA:69,1,4,0
BRDA:69,1,5,0
BRDA:69,1,6,0
BRDA:69,1,7,0
BRDA:69,1,8,0
BRDA:69,1,9,0
BRDA:69,1,10,0
BRDA:69,1,11,0
BRDA:75,2,0,0
BRDA:75,2,1,0
BRDA:100,3,0,0
BRDA:100,3,1,0
BRDA:101,4,0,0
BRDA:101,4,1,0
BRDA:121,5,0,0
BRDA:121,5,1,0
BRDA:135,6,0,0
BRDA:135,6,1,0
BRF:22
BRH:0
end_of_record
TN:
SF:/Users/kaiboma/Documents/CPEN422/openstreet/istanbul/js/router.js
FN:49,(anonymous_1)
FN:55,Route
FN:59,(anonymous_3)
FN:66,(anonymous_4)
FN:70,(anonymous_5)
FN:74,(anonymous_6)
FN:91,(anonymous_7)
FN:104,(anonymous_8)
FN:116,(anonymous_9)
FN:130,(anonymous_10)
FN:134,(anonymous_11)
FN:142,(anonymous_12)
FN:146,(anonymous_13)
FN:151,(anonymous_14)
FN:158,(anonymous_15)
FN:167,(anonymous_16)
FN:168,disableMoveListener
FN:170,(anonymous_18)
FN:180,(anonymous_19)
FN:185,(anonymous_20)
FNF:20
FNH:11
FNDA:10,(anonymous_1)
FNDA:150,Route
FNDA:60,(anonymous_3)
FNDA:15,(anonymous_4)
FNDA:14,(anonymous_5)
FNDA:12,(anonymous_6)
FNDA:12,(anonymous_7)
FNDA:0,(anonymous_8)
FNDA:2,(anonymous_9)
FNDA:0,(anonymous_10)
FNDA:45,(anonymous_11)
FNDA:0,(anonymous_12)
FNDA:0,(anonymous_13)
FNDA:71,(anonymous_14)
FNDA:0,(anonymous_15)
FNDA:0,(anonymous_16)
FNDA:0,disableMoveListener
FNDA:0,(anonymous_18)
FNDA:10,(anonymous_19)
FNDA:0,(anonymous_20)
DA:49,10
DA:50,10
DA:51,10
DA:52,10
DA:53,10
DA:55,10
DA:56,150
DA:60,60
DA:64,150
DA:66,150
DA:67,15
DA:70,150
DA:71,14
DA:73,14
DA:74,12
DA:75,12
DA:79,14
DA:81,14
DA:84,150
DA:87,10
DA:88,10
DA:89,150
DA:91,10
DA:92,12
DA:93,15
DA:97,10
DA:101,10
DA:103,10
DA:104,10
DA:105,0
DA:106,0
DA:108,0
DA:109,0
DA:110,0
DA:111,0
DA:112,0
DA:113,0
DA:116,10
DA:117,2
DA:119,2
DA:120,2
DA:121,2
DA:122,2
DA:123,2
DA:124,2
DA:125,2
DA:126,2
DA:127,2
DA:130,10
DA:131,0
DA:134,10
DA:135,45
DA:136,45
DA:138,0
DA:142,0
DA:143,0
DA:146,0
DA:147,0
DA:151,10
DA:152,71
DA:153,71
DA:154,35
DA:155,35
DA:158,10
DA:159,0
DA:160,0
DA:161,0
DA:162,0
DA:163,0
DA:164,0
DA:167,10
DA:168,10
DA:169,0
DA:170,0
DA:171,0
DA:175,0
DA:176,0
DA:177,0
DA:180,10
DA:181,10
DA:182,10
DA:185,10
DA:186,0
DA:187,0
DA:190,10
DA:191,10
DA:193,10
LF:87
LH:59
BRDA:60,1,0,0
BRDA:60,1,1,60
BRDA:73,2,0,12
BRDA:73,2,1,2
BRDA:75,3,0,0
BRDA:75,3,1,12
BRDA:75,4,0,12
BRDA:75,4,1,0
BRDA:81,5,0,14
BRDA:81,5,1,2
BRDA:93,6,0,12
BRDA:93,6,1,3
BRDA:99,7,0,10
BRDA:99,7,1,10
BRDA:103,8,0,10
BRDA:103,8,1,0
BRDA:103,9,0,10
BRDA:103,9,1,10
BRDA:105,10,0,0
BRDA:105,10,1,0
BRDA:108,11,0,0
BRDA:108,11,1,0
BRDA:119,12,0,0
BRDA:119,12,1,2
BRDA:135,13,0,45
BRDA:135,13,1,0
BRDA:147,14,0,0
BRDA:147,14,1,0
BRDA:153,15,0,36
BRDA:153,15,1,35
BRDA:160,16,0,0
BRDA:160,16,1,0
BRDA:182,17,0,10
BRDA:182,17,1,0
BRF:34
BRH:19
end_of_record
TN:
SF:/Users/kaiboma/Documents/CPEN422/openstreet/istanbul/js/index/directions/mapquest.js
FN:6,MapQuestEngine
FN:34,(anonymous_2)
FN:52,(anonymous_3)
FN:93,(anonymous_4)
FNF:4
FNH:0
FNDA:0,MapQuestEngine
FNDA:0,(anonymous_2)
FNDA:0,(anonymous_3)
FNDA:0,(anonymous_4)
DA:6,10
DA:7,0
DA:29,0
DA:35,0
DA:36,0
DA:38,0
DA:53,0
DA:54,0
DA:56,0
DA:57,0
DA:58,0
DA:59,0
DA:60,0
DA:65,0
DA:66,0
DA:67,0
DA:68,0
DA:69,0
DA:70,0
DA:71,0
DA:72,0
DA:73,0
DA:74,0
DA:76,0
DA:77,0
DA:79,0
DA:80,0
DA:81,0
DA:83,0
DA:86,0
DA:94,0
DA:101,10
DA:102,0
DA:103,0
DA:104,0
LF:35
LH:2
BRDA:53,1,0,0
BRDA:53,1,1,0
BRDA:72,2,0,0
BRDA:72,2,1,0
BRDA:101,3,0,0
BRDA:101,3,1,10
BRF:6
BRH:1
end_of_record
TN:
SF:/Users/kaiboma/Documents/CPEN422/openstreet/istanbul/js/index/browse.js
FN:1,(anonymous_1)
FN:21,(anonymous_2)
FN:25,(anonymous_3)
FN:29,(anonymous_4)
FN:36,(anonymous_5)
FN:43,updateData
FN:50,displayFeatureWarning
FN:65,getData
FN:88,(anonymous_9)
FN:94,addFeatures
FN:100,cancelAddFeatures
FN:115,onSelect
FNF:12
FNH:3
FNDA:10,(anonymous_1)
FNDA:0,(anonymous_2)
FNDA:0,(anonymous_3)
FNDA:45,(anonymous_4)
FNDA:5,(anonymous_5)
FNDA:0,updateData
FNDA:0,displayFeatureWarning
FNDA:0,getData
FNDA:0,(anonymous_9)
FNDA:0,addFeatures
FNDA:0,cancelAddFeatures
FNDA:0,onSelect
DA:1,10
DA:2,10
DA:3,10
DA:4,10
DA:6,10
DA:21,10
DA:22,0
DA:25,10
DA:26,0
DA:29,10
DA:30,45
DA:31,0
DA:32,0
DA:36,10
DA:37,5
DA:38,0
DA:39,0
DA:43,10
DA:44,0
DA:45,0
DA:46,0
DA:50,10
DA:51,0
DA:63,10
DA:65,10
DA:66,0
DA:67,0
DA:74,0
DA:84,0
DA:86,0
DA:89,0
DA:90,0
DA:92,0
DA:94,10
DA:95,0
DA:96,0
DA:97,0
DA:100,10
DA:101,0
DA:104,0
DA:105,0
DA:107,0
DA:110,0
DA:115,10
DA:117,0
DA:118,0
DA:122,0
DA:123,0
DA:125,0
DA:128,0
LF:50
LH:18
BRDA:30,1,0,0
BRDA:30,1,1,45
BRDA:37,2,0,0
BRDA:37,2,1,5
BRDA:45,3,0,0
BRDA:45,3,1,0
BRDA:45,4,0,0
BRDA:45,4,1,0
BRDA:84,5,0,0
BRDA:84,5,1,0
BRDA:104,6,0,0
BRDA:104,6,1,0
BRDA:117,7,0,0
BRDA:117,7,1,0
BRF:14
BRH:2
end_of_record
TN:
SF:/Users/kaiboma/Documents/CPEN422/openstreet/istanbul/js/leaflet.layers.js
FN:1,(anonymous_1)
FN:4,(anonymous_2)
FN:40,(anonymous_3)
FN:51,(anonymous_4)
FN:64,shown
FN:70,hide
FN:74,moved
FN:78,setView
FN:93,(anonymous_9)
FN:94,(anonymous_10)
FN:106,(anonymous_11)
FN:125,(anonymous_12)
FN:144,(anonymous_13)
FN:154,(anonymous_14)
FN:158,(anonymous_15)
FN:183,toggle
FNF:16
FNH:13
FNDA:10,(anonymous_1)
FNDA:10,(anonymous_2)
FNDA:20,(anonymous_3)
FNDA:20,(anonymous_4)
FNDA:6,shown
FNDA:0,hide
FNDA:0,moved
FNDA:6,setView
FNDA:10,(anonymous_9)
FNDA:20,(anonymous_10)
FNDA:100,(anonymous_11)
FNDA:20,(anonymous_12)
FNDA:0,(anonymous_13)
FNDA:100,(anonymous_14)
FNDA:70,(anonymous_15)
FNDA:3,toggle
DA:1,10
DA:2,10
DA:4,10
DA:5,10
DA:7,10
DA:10,10
DA:18,10
DA:21,10
DA:33,10
DA:37,10
DA:40,10
DA:41,20
DA:44,20
DA:45,10
DA:48,20
DA:51,20
DA:52,20
DA:55,20
DA:56,20
DA:57,20
DA:58,20
DA:60,20
DA:64,10
DA:65,6
DA:66,6
DA:67,6
DA:70,10
DA:71,0
DA:74,10
DA:75,0
DA:78,10
DA:79,6
DA:83,20
DA:86,20
DA:91,20
DA:93,20
DA:94,10
DA:95,20
DA:96,10
DA:98,10
DA:101,10
DA:104,20
DA:106,20
DA:107,100
DA:108,100
DA:112,10
DA:113,10
DA:117,10
DA:122,10
DA:125,10
DA:126,20
DA:132,20
DA:135,20
DA:137,20
DA:142,20
DA:144,20
DA:145,0
DA:146,0
DA:147,0
DA:149,0
DA:151,0
DA:154,20
DA:155,100
DA:158,20
DA:159,70
DA:160,70
DA:162,70
DA:163,0
DA:165,0
DA:166,70
DA:167,0
DA:171,70
DA:172,70
DA:177,10
DA:178,10
DA:181,10
DA:183,10
DA:184,3
DA:185,3
DA:186,3
DA:187,3
DA:190,10
DA:193,10
LF:83
LH:73
BRDA:44,1,0,10
BRDA:44,1,1,10
BRDA:95,2,0,10
BRDA:95,2,1,10
BRDA:112,3,0,10
BRDA:112,3,1,0
BRDA:112,4,0,10
BRDA:112,4,1,10
BRDA:146,5,0,0
BRDA:146,5,1,0
BRDA:162,6,0,0
BRDA:162,6,1,70
BRDA:162,7,0,70
BRDA:162,7,1,48
BRDA:166,8,0,0
BRDA:166,8,1,70
BRDA:166,9,0,70
BRDA:166,9,1,22
BRDA:166,9,2,22
BRDA:171,10,0,48
BRDA:171,10,1,22
BRDA:172,11,0,48
BRDA:172,11,1,22
BRF:23
BRH:18
end_of_record
TN:
SF:/Users/kaiboma/Documents/CPEN422/openstreet/istanbul/js/index/directions.js
FN:4,(anonymous_1)
FN:29,Endpoint
FN:44,(anonymous_3)
FN:54,(anonymous_4)
FN:60,(anonymous_5)
FN:67,(anonymous_6)
FN:76,(anonymous_7)
FN:98,(anonymous_8)
FN:111,(anonymous_9)
FN:121,formatDistance
FN:131,formatTime
FN:138,setEngine
FN:139,(anonymous_13)
FN:147,getRoute
FN:185,(anonymous_15)
FN:218,(anonymous_16)
FN:244,(anonymous_17)
FN:251,(anonymous_18)
FN:255,(anonymous_19)
FN:266,(anonymous_20)
FN:278,(anonymous_21)
FN:286,(anonymous_22)
FN:292,(anonymous_23)
FN:299,(anonymous_24)
FN:304,(anonymous_25)
FN:317,(anonymous_26)
FN:321,(anonymous_27)
FN:325,(anonymous_28)
FN:358,(anonymous_29)
FN:362,(anonymous_30)
FN:379,(anonymous_31)
FNF:31
FNH:13
FNDA:10,(anonymous_1)
FNDA:20,Endpoint
FNDA:0,(anonymous_3)
FNDA:2,(anonymous_4)
FNDA:4,(anonymous_5)
FNDA:6,(anonymous_6)
FNDA:0,(anonymous_7)
FNDA:0,(anonymous_8)
FNDA:0,(anonymous_9)
FNDA:0,formatDistance
FNDA:0,formatTime
FNDA:10,setEngine
FNDA:30,(anonymous_13)
FNDA:2,getRoute
FNDA:0,(anonymous_15)
FNDA:0,(anonymous_16)
FNDA:0,(anonymous_17)
FNDA:0,(anonymous_18)
FNDA:0,(anonymous_19)
FNDA:0,(anonymous_20)
FNDA:30,(anonymous_21)
FNDA:30,(anonymous_22)
FNDA:0,(anonymous_23)
FNDA:1,(anonymous_24)
FNDA:0,(anonymous_25)
FNDA:1,(anonymous_26)
FNDA:0,(anonymous_27)
FNDA:0,(anonymous_28)
FNDA:0,(anonymous_29)
FNDA:0,(anonymous_30)
FNDA:30,(anonymous_31)
DA:4,10
DA:5,10
DA:6,10
DA:7,10
DA:8,10
DA:10,10
DA:12,10
DA:18,10
DA:24,10
DA:29,10
DA:30,20
DA:32,20
DA:44,20
DA:45,0
DA:46,0
DA:47,0
DA:48,0
DA:49,0
DA:50,0
DA:54,20
DA:56,2
DA:57,2
DA:60,20
DA:61,4
DA:62,4
DA:63,4
DA:64,4
DA:67,20
DA:70,6
DA:71,4
DA:74,2
DA:76,2
DA:77,0
DA:78,0
DA:79,0
DA:80,0
DA:81,0
DA:84,0
DA:86,0
DA:87,0
DA:91,0
DA:92,0
DA:93,0
DA:98,20
DA:99,0
DA:100,0
DA:101,0
DA:102,0
DA:103,0
DA:108,20
DA:111,10
DA:112,0
DA:113,0
DA:114,0
DA:115,0
DA:117,0
DA:121,10
DA:122,0
DA:123,0
DA:124,0
DA:125,0
DA:127,0
DA:131,10
DA:132,0
DA:133,0
DA:134,0
DA:135,0
DA:138,10
DA:139,10
DA:140,30
DA:141,10
DA:142,10
DA:147,10
DA:149,2
DA:153,2
DA:154,4
DA:155,4
DA:156,2
DA:157,2
DA:160,2
DA:161,1
DA:162,1
DA:165,1
DA:168,1
DA:169,0
DA:171,0
DA:173,0
DA:182,0
DA:183,0
DA:185,0
DA:186,0
DA:188,0
DA:189,0
DA:191,0
DA:192,0
DA:195,0
DA:198,0
DA:202,0
DA:203,0
DA:206,0
DA:213,0
DA:217,0
DA:218,0
DA:219,0
DA:225,0
DA:227,0
DA:228,0
DA:229,0
DA:230,0
DA:231,0
DA:232,0
DA:233,0
DA:234,0
DA:236,0
DA:239,0
DA:240,0
DA:241,0
DA:242,0
DA:244,0
DA:245,0
DA:251,0
DA:252,0
DA:256,0
DA:259,0
DA:262,0
DA:266,0
DA:267,0
DA:268,0
DA:269,0
DA:270,0
DA:276,10
DA:278,10
DA:279,30
DA:280,30
DA:281,30
DA:284,10
DA:286,10
DA:287,30
DA:290,10
DA:292,10
DA:293,0
DA:294,0
DA:295,0
DA:299,10
DA:300,1
DA:301,1
DA:304,10
DA:305,0
DA:306,0
DA:307,0
DA:308,0
DA:309,0
DA:310,0
DA:311,0
DA:315,10
DA:317,10
DA:318,1
DA:319,1
DA:321,1
DA:322,0
DA:325,1
DA:326,0
DA:327,0
DA:328,0
DA:329,0
DA:330,0
DA:331,0
DA:332,0
DA:333,0
DA:334,0
DA:337,1
DA:340,1
DA:341,0
DA:344,1
DA:345,1
DA:347,1
DA:350,1
DA:351,1
DA:353,1
DA:355,1
DA:358,10
DA:359,0
DA:362,10
DA:363,0
DA:364,0
DA:365,0
DA:367,0
DA:374,10
DA:377,10
DA:379,10
DA:380,30
DA:381,30
LF:192
LH:84
BRDA:46,1,0,0
BRDA:46,1,1,0
BRDA:46,2,0,0
BRDA:46,2,1,0
BRDA:47,3,0,0
BRDA:47,3,1,0
BRDA:47,4,0,0
BRDA:47,4,1,0
BRDA:49,5,0,0
BRDA:49,5,1,0
BRDA:70,6,0,4
BRDA:70,6,1,2
BRDA:79,7,0,0
BRDA:79,7,1,0
BRDA:91,8,0,0
BRDA:91,8,1,0
BRDA:114,9,0,0
BRDA:114,9,1,0
BRDA:122,10,0,0
BRDA:122,10,1,0
BRDA:124,11,0,0
BRDA:124,11,1,0
BRDA:135,12,0,0
BRDA:135,12,1,0
BRDA:140,13,0,10
BRDA:140,13,1,20
BRDA:149,14,0,0
BRDA:149,14,1,2
BRDA:155,15,0,2
BRDA:155,15,1,2
BRDA:155,16,0,4
BRDA:155,16,1,4
BRDA:160,17,0,1
BRDA:160,17,1,1
BRDA:160,18,0,2
BRDA:160,18,1,1
BRDA:168,19,0,1
BRDA:168,19,1,0
BRDA:168,20,0,1
BRDA:168,20,1,0
BRDA:188,21,0,0
BRDA:188,21,1,0
BRDA:191,22,0,0
BRDA:191,22,1,0
BRDA:202,23,0,0
BRDA:202,23,1,0
BRDA:227,24,0,0
BRDA:227,24,1,0
BRDA:229,25,0,0
BRDA:229,25,1,0
BRDA:231,26,0,0
BRDA:231,26,1,0
BRDA:233,27,0,0
BRDA:233,27,1,0
BRDA:294,28,0,0
BRDA:294,28,1,0
BRDA:309,29,0,0
BRDA:309,29,1,0
BRDA:333,30,0,0
BRDA:333,30,1,0
BRDA:338,31,0,1
BRDA:338,31,1,1
BRDA:340,32,0,0
BRDA:340,32,1,1
BRDA:344,33,0,1
BRDA:344,33,1,1
BRDA:345,34,0,1
BRDA:345,34,1,1
BRDA:347,35,0,1
BRDA:347,35,1,0
BRDA:348,36,0,1
BRDA:348,36,1,0
BRDA:350,37,0,0
BRDA:350,37,1,1
BRDA:351,38,0,0
BRDA:351,38,1,1
BRDA:353,39,0,1
BRDA:353,39,1,0
BRDA:380,40,0,30
BRDA:380,40,1,0
BRDA:380,41,0,30
BRDA:380,41,1,0
BRF:82
BRH:29
end_of_record
TN:
SF:/Users/kaiboma/Documents/CPEN422/openstreet/istanbul/js/index/history.js
FN:3,(anonymous_1)
FN:8,(anonymous_2)
FN:11,(anonymous_3)
FN:14,(anonymous_4)
FN:16,(anonymous_5)
FN:20,(anonymous_6)
FN:26,(anonymous_7)
FN:29,(anonymous_8)
FN:32,(anonymous_9)
FN:36,(anonymous_10)
FN:40,highlightChangeset
FN:45,unHighlightChangeset
FN:50,clickChangeset
FN:54,update
FN:65,(anonymous_15)
FN:77,loadMore
FN:86,(anonymous_17)
FN:92,updateMap
FN:97,(anonymous_19)
FN:107,(anonymous_20)
FN:125,(anonymous_21)
FN:130,(anonymous_22)
FN:140,(anonymous_23)
FNF:23
FNH:1
FNDA:10,(anonymous_1)
FNDA:0,(anonymous_2)
FNDA:0,(anonymous_3)
FNDA:0,(anonymous_4)
FNDA:0,(anonymous_5)
FNDA:0,(anonymous_6)
FNDA:0,(anonymous_7)
FNDA:0,(anonymous_8)
FNDA:0,(anonymous_9)
FNDA:0,(anonymous_10)
FNDA:0,highlightChangeset
FNDA:0,unHighlightChangeset
FNDA:0,clickChangeset
FNDA:0,update
FNDA:0,(anonymous_15)
FNDA:0,loadMore
FNDA:0,(anonymous_17)
FNDA:0,updateMap
FNDA:0,(anonymous_19)
FNDA:0,(anonymous_20)
FNDA:0,(anonymous_21)
FNDA:0,(anonymous_22)
FNDA:0,(anonymous_23)
DA:3,10
DA:4,10
DA:6,10
DA:9,0
DA:12,0
DA:15,0
DA:16,0
DA:17,0
DA:18,0
DA:21,0
DA:25,10
DA:27,0
DA:30,0
DA:33,0
DA:36,10
DA:37,0
DA:40,10
DA:41,0
DA:42,0
DA:45,10
DA:46,0
DA:47,0
DA:50,10
DA:51,0
DA:54,10
DA:55,0
DA:57,0
DA:58,0
DA:61,0
DA:66,0
DA:67,0
DA:71,0
DA:74,0
DA:77,10
DA:78,0
DA:79,0
DA:81,0
DA:83,0
DA:84,0
DA:86,0
DA:87,0
DA:88,0
DA:92,10
DA:93,0
DA:95,0
DA:97,0
DA:98,0
DA:99,0
DA:100,0
DA:103,0
DA:107,0
DA:108,0
DA:111,0
DA:112,0
DA:115,0
DA:116,0
DA:119,0
DA:120,0
DA:121,0
DA:125,10
DA:126,0
DA:127,0
DA:130,10
DA:131,0
DA:133,0
DA:134,0
DA:137,0
DA:140,10
DA:141,0
DA:142,0
DA:144,0
DA:147,10
LF:72
LH:15
BRDA:17,1,0,0
BRDA:17,1,1,0
BRDA:17,2,0,0
BRDA:17,2,1,0
BRDA:57,3,0,0
BRDA:57,3,1,0
BRDA:99,4,0,0
BRDA:99,4,1,0
BRDA:119,5,0,0
BRDA:119,5,1,0
BRDA:121,6,0,0
BRDA:121,6,1,0
BRDA:133,7,0,0
BRDA:133,7,1,0
BRF:14
BRH:0
end_of_record
TN:
SF:/Users/kaiboma/Documents/CPEN422/openstreet/istanbul/js/application.js
FN:27,(anonymous_1)
FN:28,(anonymous_2)
FN:64,(anonymous_3)
FN:70,(anonymous_4)
FN:74,(anonymous_5)
FN:78,(anonymous_6)
FN:82,(anonymous_7)
FN:88,(anonymous_8)
FN:94,updateHeader
FN:110,(anonymous_10)
FN:115,(anonymous_11)
FNF:11
FNH:6
FNDA:121,(anonymous_1)
FNDA:847,(anonymous_2)
FNDA:0,(anonymous_3)
FNDA:0,(anonymous_4)
FNDA:0,(anonymous_5)
FNDA:10,(anonymous_6)
FNDA:30,(anonymous_7)
FNDA:30,(anonymous_8)
FNDA:10,updateHeader
FNDA:0,(anonymous_10)
FNDA:0,(anonymous_11)
DA:21,10
DA:27,10
DA:28,121
DA:29,847
DA:33,847
DA:34,847
DA:35,847
DA:36,847
DA:38,847
DA:39,0
DA:42,847
DA:43,847
DA:45,847
DA:51,847
DA:52,351
DA:55,847
DA:57,847
DA:60,121
DA:61,121
DA:64,0
DA:70,10
DA:71,0
DA:74,10
DA:75,0
DA:78,10
DA:79,10
DA:82,10
DA:83,30
DA:86,10
DA:88,10
DA:89,30
DA:92,10
DA:94,10
DA:95,10
DA:97,10
DA:98,0
DA:99,10
DA:100,0
DA:102,10
DA:106,10
DA:108,10
DA:110,10
DA:111,0
DA:112,0
DA:115,10
DA:116,0
LF:46
LH:37
BRDA:38,1,0,0
BRDA:38,1,1,847
BRDA:38,2,0,847
BRDA:38,2,1,0
BRDA:43,3,0,363
BRDA:43,3,1,484
BRDA:47,4,0,0
BRDA:47,4,1,847
BRDA:51,5,0,351
BRDA:51,5,1,496
BRDA:51,6,0,847
BRDA:51,6,1,819
BRDA:66,7,0,98
BRDA:66,7,1,23
BRDA:97,8,0,0
BRDA:97,8,1,10
BRDA:99,9,0,0
BRDA:99,9,1,10
BRF:18
BRH:13
end_of_record
TN:
SF:/Users/kaiboma/Documents/CPEN422/openstreet/istanbul/js/index.js
FN:22,(anonymous_1)
FN:25,(anonymous_2)
FN:30,(anonymous_3)
FN:48,(anonymous_4)
FN:87,(anonymous_5)
FN:168,(anonymous_6)
FN:183,(anonymous_7)
FN:191,(anonymous_8)
FN:201,(anonymous_9)
FN:222,(anonymous_10)
FN:232,remoteEditHandler
FN:250,(anonymous_12)
FN:255,(anonymous_13)
FN:265,(anonymous_14)
FN:280,(anonymous_15)
FN:285,(anonymous_16)
FN:288,(anonymous_17)
FN:293,(anonymous_18)
FN:307,(anonymous_19)
FN:310,(anonymous_20)
FN:311,(anonymous_21)
FN:316,(anonymous_22)
FN:320,addObject
FN:321,(anonymous_24)
FN:324,(anonymous_25)
FN:331,(anonymous_26)
FN:365,(anonymous_27)
FNF:27
FNH:8
FNDA:10,(anonymous_1)
FNDA:1,(anonymous_2)
FNDA:0,(anonymous_3)
FNDA:0,(anonymous_4)
FNDA:10,(anonymous_5)
FNDA:121,(anonymous_6)
FNDA:0,(anonymous_7)
FNDA:0,(anonymous_8)
FNDA:0,(anonymous_9)
FNDA:0,(anonymous_10)
FNDA:0,remoteEditHandler
FNDA:0,(anonymous_12)
FNDA:0,(anonymous_13)
FNDA:0,(anonymous_14)
FNDA:0,(anonymous_15)
FNDA:10,(anonymous_16)
FNDA:0,(anonymous_17)
FNDA:10,(anonymous_18)
FNDA:30,(anonymous_19)
FNDA:0,(anonymous_20)
FNDA:0,(anonymous_21)
FNDA:0,(anonymous_22)
FNDA:0,addObject
FNDA:0,(anonymous_24)
FNDA:0,(anonymous_25)
FNDA:0,(anonymous_26)
FNDA:1,(anonymous_27)
DA:22,10
DA:23,10
DA:25,10
DA:26,1
DA:28,1
DA:30,1
DA:31,0
DA:36,1
DA:37,1
DA:39,0
DA:42,1
DA:45,1
DA:49,0
DA:50,0
DA:51,0
DA:53,0
DA:55,0
DA:56,0
DA:57,0
DA:60,0
DA:64,0
DA:67,0
DA:69,0
DA:70,0
DA:76,10
DA:78,10
DA:83,10
DA:85,10
DA:87,10
DA:88,10
DA:89,0
DA:93,10
DA:95,10
DA:98,10
DA:108,10
DA:110,10
DA:117,10
DA:120,10
DA:126,10
DA:131,10
DA:137,10
DA:142,10
DA:147,10
DA:150,10
DA:151,10
DA:152,10
DA:153,0
DA:156,10
DA:157,10
DA:158,0
DA:162,10
DA:163,10
DA:165,10
DA:166,10
DA:168,10
DA:169,121
DA:175,121
DA:176,121
DA:179,10
DA:180,0
DA:183,10
DA:184,0
DA:185,0
DA:188,10
DA:189,10
DA:191,10
DA:192,0
DA:193,0
DA:194,0
DA:195,0
DA:196,0
DA:200,10
DA:201,0
DA:202,0
DA:203,0
DA:205,0
DA:206,0
DA:212,10
DA:213,0
DA:215,10
DA:218,10
DA:219,0
DA:222,10
DA:223,0
DA:225,0
DA:228,0
DA:229,0
DA:232,10
DA:233,0
DA:244,0
DA:246,0
DA:251,0
DA:252,0
DA:255,0
DA:256,0
DA:257,0
DA:258,0
DA:262,0
DA:265,10
DA:266,0
DA:267,0
DA:268,0
DA:271,10
DA:272,0
DA:280,0
DA:281,0
DA:285,10
DA:286,10
DA:288,10
DA:289,0
DA:290,0
DA:293,10
DA:294,10
DA:295,10
DA:296,0
DA:298,10
DA:299,0
DA:301,10
DA:304,10
DA:307,10
DA:308,30
DA:310,30
DA:311,0
DA:312,0
DA:316,30
DA:317,0
DA:320,10
DA:321,0
DA:322,0
DA:324,0
DA:325,0
DA:331,30
DA:332,0
DA:335,30
DA:338,10
DA:340,10
DA:358,10
DA:359,0
DA:360,0
DA:363,10
DA:365,10
DA:366,1
DA:367,1
DA:370,0
DA:371,0
DA:374,0
DA:375,0
DA:377,0
DA:378,0
LF:149
LH:77
BRDA:36,1,0,1
BRDA:36,1,1,0
BRDA:55,2,0,0
BRDA:55,2,1,0
BRDA:69,3,0,0
BRDA:69,3,1,0
BRDA:88,4,0,0
BRDA:88,4,1,10
BRDA:93,5,0,0
BRDA:93,5,1,10
BRDA:150,6,0,10
BRDA:150,6,1,0
BRDA:150,7,0,10
BRDA:150,7,1,10
BRDA:152,8,0,0
BRDA:152,8,1,10
BRDA:157,9,0,0
BRDA:157,9,1,10
BRDA:162,10,0,0
BRDA:162,10,1,10
BRDA:179,11,0,0
BRDA:179,11,1,10
BRDA:195,12,0,0
BRDA:195,12,1,0
BRDA:200,13,0,0
BRDA:200,13,1,10
BRDA:202,14,0,0
BRDA:202,14,1,0
BRDA:205,15,0,0
BRDA:205,15,1,0
BRDA:212,16,0,0
BRDA:212,16,1,10
BRDA:218,17,0,0
BRDA:218,17,1,10
BRDA:234,18,0,0
BRDA:234,18,1,0
BRDA:244,19,0,0
BRDA:244,19,1,0
BRDA:256,20,0,0
BRDA:256,20,1,0
BRDA:271,21,0,0
BRDA:271,21,1,10
BRDA:295,22,0,0
BRDA:295,22,1,10
BRDA:298,23,0,0
BRDA:298,23,1,10
BRDA:322,24,0,0
BRDA:322,24,1,0
BRDA:322,25,0,0
BRDA:322,25,1,0
BRDA:322,25,2,0
BRDA:322,25,3,0
BRDA:358,26,0,0
BRDA:358,26,1,10
BRDA:358,27,0,10
BRDA:358,27,1,0
BRDA:366,28,0,1
BRDA:366,28,1,0
BRDA:366,29,0,1
BRDA:366,29,1,0
BRDA:370,30,0,0
BRDA:370,30,1,0
BRDA:370,31,0,0
BRDA:370,31,1,0
BRDA:370,31,2,0
BRDA:370,31,3,0
BRDA:370,31,4,0
BRDA:374,32,0,0
BRDA:374,32,1,0
BRDA:374,33,0,0
BRDA:374,33,1,0
BRDA:377,34,0,0
BRDA:377,34,1,0
BRF:73
BRH:20
end_of_record
TN:
SF:/Users/kaiboma/Documents/CPEN422/openstreet/istanbul/js/index/new_note.js
FN:1,(anonymous_1)
FN:27,(anonymous_2)
FN:36,createNote
FN:53,(anonymous_4)
FN:58,noteCreated
FN:68,updateMarker
FN:79,(anonymous_7)
FN:83,newHalo
FN:100,(anonymous_9)
FN:119,(anonymous_10)
FN:126,(anonymous_11)
FN:128,(anonymous_12)
FN:130,(anonymous_13)
FN:138,disableWhenBlank
FN:142,(anonymous_15)
FN:150,(anonymous_16)
FNF:16
FNH:1
FNDA:10,(anonymous_1)
FNDA:0,(anonymous_2)
FNDA:0,createNote
FNDA:0,(anonymous_4)
FNDA:0,noteCreated
FNDA:0,updateMarker
FNDA:0,(anonymous_7)
FNDA:0,newHalo
FNDA:0,(anonymous_9)
FNDA:0,(anonymous_10)
FNDA:0,(anonymous_11)
FNDA:0,(anonymous_12)
FNDA:0,(anonymous_13)
FNDA:0,disableWhenBlank
FNDA:0,(anonymous_15)
FNDA:0,(anonymous_16)
DA:1,10
DA:2,10
DA:9,10
DA:27,10
DA:28,0
DA:29,0
DA:31,0
DA:33,0
DA:36,10
DA:37,0
DA:39,0
DA:40,0
DA:42,0
DA:44,0
DA:54,0
DA:58,10
DA:59,0
DA:60,0
DA:61,0
DA:62,0
DA:63,0
DA:64,0
DA:68,10
DA:69,0
DA:74,0
DA:75,0
DA:76,0
DA:79,10
DA:80,0
DA:83,10
DA:84,0
DA:85,0
DA:87,0
DA:89,0
DA:96,0
DA:100,10
DA:101,0
DA:102,0
DA:104,0
DA:106,0
DA:108,0
DA:109,0
DA:111,0
DA:113,0
DA:119,0
DA:120,0
DA:123,0
DA:124,0
DA:126,0
DA:127,0
DA:129,0
DA:131,0
DA:134,0
DA:138,10
DA:139,0
DA:142,0
DA:143,0
DA:144,0
DA:147,0
DA:150,10
DA:151,0
DA:152,0
DA:153,0
DA:156,10
LF:64
LH:13
BRDA:31,1,0,0
BRDA:31,1,1,0
BRDA:84,2,0,0
BRDA:84,2,1,0
BRDA:84,3,0,0
BRDA:84,3,1,0
BRDA:87,4,0,0
BRDA:87,4,1,0
BRDA:101,5,0,0
BRDA:101,5,1,0
BRDA:102,6,0,0
BRDA:102,6,1,0
BRF:12
BRH:0
end_of_record
TN:
SF:/Users/kaiboma/Documents/CPEN422/openstreet/istanbul/js/oauth.js
FN:3,(anonymous_1)
FN:4,makeAbsolute
FN:18,(anonymous_3)
FNF:3
FNH:1
FNDA:10,(anonymous_1)
FNDA:0,makeAbsolute
FNDA:0,(anonymous_3)
DA:3,10
DA:4,10
DA:5,0
DA:6,0
DA:7,0
DA:10,10
DA:11,0
DA:18,0
DA:19,0
DA:20,0
DA:21,0
LF:11
LH:3
BRDA:10,1,0,0
BRDA:10,1,1,10
BRDA:19,2,0,0
BRDA:19,2,1,0
BRDA:20,3,0,0
BRDA:20,3,1,0
BRF:6
BRH:1
end_of_record
